<?xml version="1.0" encoding="UTF-8"?>
<testsuite xmlns:xsi="http://www.w3.org/2001/XMLSchema-instance" xsi:noNamespaceSchemaLocation="https://maven.apache.org/surefire/maven-surefire-plugin/xsd/surefire-test-report-3.0.xsd" version="3.0" name="TestSuite" time="34.559" tests="4" errors="0" skipped="0" failures="0">
  <properties>
    <property name="gopherProxySet" value="false"/>
    <property name="awt.toolkit" value="sun.lwawt.macosx.LWCToolkit"/>
    <property name="java.specification.version" value="11"/>
    <property name="sun.cpu.isalist" value=""/>
    <property name="sun.jnu.encoding" value="UTF-8"/>
    <property name="java.class.path" value="/Users/ummaneni/E2EProject/target/test-classes:/Users/ummaneni/E2EProject/target/classes:/Users/ummaneni/.m2/repository/org/apache/poi/poi/3.6/poi-3.6.jar:/Users/ummaneni/.m2/repository/commons-logging/commons-logging/1.1/commons-logging-1.1.jar:/Users/ummaneni/.m2/repository/logkit/logkit/1.0.1/logkit-1.0.1.jar:/Users/ummaneni/.m2/repository/avalon-framework/avalon-framework/4.1.3/avalon-framework-4.1.3.jar:/Users/ummaneni/.m2/repository/javax/servlet/servlet-api/2.3/servlet-api-2.3.jar:/Users/ummaneni/.m2/repository/org/apache/poi/poi-ooxml/3.6/poi-ooxml-3.6.jar:/Users/ummaneni/.m2/repository/org/apache/poi/poi-ooxml-schemas/3.6/poi-ooxml-schemas-3.6.jar:/Users/ummaneni/.m2/repository/org/apache/geronimo/specs/geronimo-stax-api_1.0_spec/1.0/geronimo-stax-api_1.0_spec-1.0.jar:/Users/ummaneni/.m2/repository/dom4j/dom4j/1.1/dom4j-1.1.jar:/Users/ummaneni/.m2/repository/org/apache/xmlbeans/xmlbeans/2.3.0/xmlbeans-2.3.0.jar:/Users/ummaneni/.m2/repository/stax/stax-api/1.0.1/stax-api-1.0.1.jar:/Users/ummaneni/.m2/repository/org/seleniumhq/selenium/selenium-java/2.52.0/selenium-java-2.52.0.jar:/Users/ummaneni/.m2/repository/org/seleniumhq/selenium/selenium-chrome-driver/2.52.0/selenium-chrome-driver-2.52.0.jar:/Users/ummaneni/.m2/repository/org/seleniumhq/selenium/selenium-remote-driver/2.52.0/selenium-remote-driver-2.52.0.jar:/Users/ummaneni/.m2/repository/cglib/cglib-nodep/2.1_3/cglib-nodep-2.1_3.jar:/Users/ummaneni/.m2/repository/org/seleniumhq/selenium/selenium-api/2.52.0/selenium-api-2.52.0.jar:/Users/ummaneni/.m2/repository/org/seleniumhq/selenium/selenium-edge-driver/2.52.0/selenium-edge-driver-2.52.0.jar:/Users/ummaneni/.m2/repository/commons-io/commons-io/2.4/commons-io-2.4.jar:/Users/ummaneni/.m2/repository/org/apache/commons/commons-exec/1.3/commons-exec-1.3.jar:/Users/ummaneni/.m2/repository/org/seleniumhq/selenium/selenium-htmlunit-driver/2.52.0/selenium-htmlunit-driver-2.52.0.jar:/Users/ummaneni/.m2/repository/net/sourceforge/htmlunit/htmlunit/2.18/htmlunit-2.18.jar:/Users/ummaneni/.m2/repository/xalan/xalan/2.7.2/xalan-2.7.2.jar:/Users/ummaneni/.m2/repository/xalan/serializer/2.7.2/serializer-2.7.2.jar:/Users/ummaneni/.m2/repository/org/apache/commons/commons-lang3/3.4/commons-lang3-3.4.jar:/Users/ummaneni/.m2/repository/org/apache/httpcomponents/httpmime/4.5/httpmime-4.5.jar:/Users/ummaneni/.m2/repository/net/sourceforge/htmlunit/htmlunit-core-js/2.17/htmlunit-core-js-2.17.jar:/Users/ummaneni/.m2/repository/xerces/xercesImpl/2.11.0/xercesImpl-2.11.0.jar:/Users/ummaneni/.m2/repository/xml-apis/xml-apis/1.4.01/xml-apis-1.4.01.jar:/Users/ummaneni/.m2/repository/net/sourceforge/nekohtml/nekohtml/1.9.22/nekohtml-1.9.22.jar:/Users/ummaneni/.m2/repository/net/sourceforge/cssparser/cssparser/0.9.16/cssparser-0.9.16.jar:/Users/ummaneni/.m2/repository/org/w3c/css/sac/1.3/sac-1.3.jar:/Users/ummaneni/.m2/repository/org/eclipse/jetty/websocket/websocket-client/9.2.12.v20150709/websocket-client-9.2.12.v20150709.jar:/Users/ummaneni/.m2/repository/org/eclipse/jetty/jetty-util/9.2.12.v20150709/jetty-util-9.2.12.v20150709.jar:/Users/ummaneni/.m2/repository/org/eclipse/jetty/jetty-io/9.2.12.v20150709/jetty-io-9.2.12.v20150709.jar:/Users/ummaneni/.m2/repository/org/eclipse/jetty/websocket/websocket-common/9.2.12.v20150709/websocket-common-9.2.12.v20150709.jar:/Users/ummaneni/.m2/repository/org/eclipse/jetty/websocket/websocket-api/9.2.12.v20150709/websocket-api-9.2.12.v20150709.jar:/Users/ummaneni/.m2/repository/org/seleniumhq/selenium/selenium-firefox-driver/2.52.0/selenium-firefox-driver-2.52.0.jar:/Users/ummaneni/.m2/repository/org/seleniumhq/selenium/selenium-ie-driver/2.52.0/selenium-ie-driver-2.52.0.jar:/Users/ummaneni/.m2/repository/net/java/dev/jna/jna/4.1.0/jna-4.1.0.jar:/Users/ummaneni/.m2/repository/net/java/dev/jna/jna-platform/4.1.0/jna-platform-4.1.0.jar:/Users/ummaneni/.m2/repository/org/seleniumhq/selenium/selenium-safari-driver/2.52.0/selenium-safari-driver-2.52.0.jar:/Users/ummaneni/.m2/repository/org/seleniumhq/selenium/selenium-support/2.52.0/selenium-support-2.52.0.jar:/Users/ummaneni/.m2/repository/org/webbitserver/webbit/0.4.14/webbit-0.4.14.jar:/Users/ummaneni/.m2/repository/io/netty/netty/3.5.2.Final/netty-3.5.2.Final.jar:/Users/ummaneni/.m2/repository/org/seleniumhq/selenium/selenium-leg-rc/2.52.0/selenium-leg-rc-2.52.0.jar:/Users/ummaneni/.m2/repository/com/relevantcodes/extentreports/2.40.1/extentreports-2.40.1.jar:/Users/ummaneni/.m2/repository/org/jsoup/jsoup/1.8.3/jsoup-1.8.3.jar:/Users/ummaneni/.m2/repository/org/xerial/sqlite-jdbc/3.8.11.1/sqlite-jdbc-3.8.11.1.jar:/Users/ummaneni/.m2/repository/org/freemarker/freemarker/2.3.23/freemarker-2.3.23.jar:/Users/ummaneni/.m2/repository/org/testng/testng/6.9.6/testng-6.9.6.jar:/Users/ummaneni/.m2/repository/com/google/inject/guice/4.0/guice-4.0-no_aop.jar:/Users/ummaneni/.m2/repository/javax/inject/javax.inject/1/javax.inject-1.jar:/Users/ummaneni/.m2/repository/aopalliance/aopalliance/1.0/aopalliance-1.0.jar:/Users/ummaneni/.m2/repository/org/beanshell/bsh/2.0b4/bsh-2.0b4.jar:/Users/ummaneni/.m2/repository/org/apache/ant/ant/1.7.0/ant-1.7.0.jar:/Users/ummaneni/.m2/repository/org/apache/ant/ant-launcher/1.7.0/ant-launcher-1.7.0.jar:/Users/ummaneni/.m2/repository/com/beust/jcommander/1.48/jcommander-1.48.jar:/Users/ummaneni/.m2/repository/org/yaml/snakeyaml/1.15/snakeyaml-1.15.jar:/Users/ummaneni/.m2/repository/junit/junit/4.10/junit-4.10.jar:/Users/ummaneni/.m2/repository/org/hamcrest/hamcrest-core/1.1/hamcrest-core-1.1.jar:/Users/ummaneni/.m2/repository/io/appium/java-client/3.3.0/java-client-3.3.0.jar:/Users/ummaneni/.m2/repository/com/google/code/gson/gson/2.2.4/gson-2.2.4.jar:/Users/ummaneni/.m2/repository/org/apache/httpcomponents/httpclient/4.3.3/httpclient-4.3.3.jar:/Users/ummaneni/.m2/repository/org/apache/httpcomponents/httpcore/4.3.2/httpcore-4.3.2.jar:/Users/ummaneni/.m2/repository/commons-codec/commons-codec/1.6/commons-codec-1.6.jar:/Users/ummaneni/.m2/repository/com/google/guava/guava/17.0/guava-17.0.jar:/Users/ummaneni/.m2/repository/cglib/cglib/3.1/cglib-3.1.jar:/Users/ummaneni/.m2/repository/org/ow2/asm/asm/4.2/asm-4.2.jar:/Users/ummaneni/.m2/repository/commons-validator/commons-validator/1.4.1/commons-validator-1.4.1.jar:/Users/ummaneni/.m2/repository/commons-beanutils/commons-beanutils/1.8.3/commons-beanutils-1.8.3.jar:/Users/ummaneni/.m2/repository/commons-digester/commons-digester/1.8.1/commons-digester-1.8.1.jar:/Users/ummaneni/.m2/repository/commons-collections/commons-collections/3.2.1/commons-collections-3.2.1.jar:/Users/ummaneni/.m2/repository/javax/mail/mail/1.4/mail-1.4.jar:/Users/ummaneni/.m2/repository/javax/activation/activation/1.1/activation-1.1.jar:/Users/ummaneni/.m2/repository/log4j/log4j/1.2.17/log4j-1.2.17.jar:"/>
    <property name="java.vm.vendor" value="Oracle Corporation"/>
    <property name="sun.arch.data.model" value="64"/>
    <property name="java.vendor.url" value="http://java.oracle.com/"/>
    <property name="user.timezone" value=""/>
    <property name="java.vm.specification.version" value="11"/>
    <property name="os.name" value="Mac OS X"/>
    <property name="sun.java.launcher" value="SUN_STANDARD"/>
    <property name="user.country" value="US"/>
    <property name="sun.boot.library.path" value="/Library/Java/JavaVirtualMachines/jdk-11.0.3.jdk/Contents/Home/lib"/>
    <property name="sun.java.command" value="/Users/ummaneni/E2EProject/target/surefire/surefirebooter4063318704437151185.jar /Users/ummaneni/E2EProject/target/surefire 2019-08-21T11-09-39_068-jvmRun1 surefire3002506077409970924tmp surefire_016928994504707851932tmp"/>
    <property name="http.nonProxyHosts" value="local|*.local|169.254/16|*.169.254/16"/>
    <property name="jdk.debug" value="release"/>
    <property name="surefire.test.class.path" value="/Users/ummaneni/E2EProject/target/test-classes:/Users/ummaneni/E2EProject/target/classes:/Users/ummaneni/.m2/repository/org/apache/poi/poi/3.6/poi-3.6.jar:/Users/ummaneni/.m2/repository/commons-logging/commons-logging/1.1/commons-logging-1.1.jar:/Users/ummaneni/.m2/repository/logkit/logkit/1.0.1/logkit-1.0.1.jar:/Users/ummaneni/.m2/repository/avalon-framework/avalon-framework/4.1.3/avalon-framework-4.1.3.jar:/Users/ummaneni/.m2/repository/javax/servlet/servlet-api/2.3/servlet-api-2.3.jar:/Users/ummaneni/.m2/repository/org/apache/poi/poi-ooxml/3.6/poi-ooxml-3.6.jar:/Users/ummaneni/.m2/repository/org/apache/poi/poi-ooxml-schemas/3.6/poi-ooxml-schemas-3.6.jar:/Users/ummaneni/.m2/repository/org/apache/geronimo/specs/geronimo-stax-api_1.0_spec/1.0/geronimo-stax-api_1.0_spec-1.0.jar:/Users/ummaneni/.m2/repository/dom4j/dom4j/1.1/dom4j-1.1.jar:/Users/ummaneni/.m2/repository/org/apache/xmlbeans/xmlbeans/2.3.0/xmlbeans-2.3.0.jar:/Users/ummaneni/.m2/repository/stax/stax-api/1.0.1/stax-api-1.0.1.jar:/Users/ummaneni/.m2/repository/org/seleniumhq/selenium/selenium-java/2.52.0/selenium-java-2.52.0.jar:/Users/ummaneni/.m2/repository/org/seleniumhq/selenium/selenium-chrome-driver/2.52.0/selenium-chrome-driver-2.52.0.jar:/Users/ummaneni/.m2/repository/org/seleniumhq/selenium/selenium-remote-driver/2.52.0/selenium-remote-driver-2.52.0.jar:/Users/ummaneni/.m2/repository/cglib/cglib-nodep/2.1_3/cglib-nodep-2.1_3.jar:/Users/ummaneni/.m2/repository/org/seleniumhq/selenium/selenium-api/2.52.0/selenium-api-2.52.0.jar:/Users/ummaneni/.m2/repository/org/seleniumhq/selenium/selenium-edge-driver/2.52.0/selenium-edge-driver-2.52.0.jar:/Users/ummaneni/.m2/repository/commons-io/commons-io/2.4/commons-io-2.4.jar:/Users/ummaneni/.m2/repository/org/apache/commons/commons-exec/1.3/commons-exec-1.3.jar:/Users/ummaneni/.m2/repository/org/seleniumhq/selenium/selenium-htmlunit-driver/2.52.0/selenium-htmlunit-driver-2.52.0.jar:/Users/ummaneni/.m2/repository/net/sourceforge/htmlunit/htmlunit/2.18/htmlunit-2.18.jar:/Users/ummaneni/.m2/repository/xalan/xalan/2.7.2/xalan-2.7.2.jar:/Users/ummaneni/.m2/repository/xalan/serializer/2.7.2/serializer-2.7.2.jar:/Users/ummaneni/.m2/repository/org/apache/commons/commons-lang3/3.4/commons-lang3-3.4.jar:/Users/ummaneni/.m2/repository/org/apache/httpcomponents/httpmime/4.5/httpmime-4.5.jar:/Users/ummaneni/.m2/repository/net/sourceforge/htmlunit/htmlunit-core-js/2.17/htmlunit-core-js-2.17.jar:/Users/ummaneni/.m2/repository/xerces/xercesImpl/2.11.0/xercesImpl-2.11.0.jar:/Users/ummaneni/.m2/repository/xml-apis/xml-apis/1.4.01/xml-apis-1.4.01.jar:/Users/ummaneni/.m2/repository/net/sourceforge/nekohtml/nekohtml/1.9.22/nekohtml-1.9.22.jar:/Users/ummaneni/.m2/repository/net/sourceforge/cssparser/cssparser/0.9.16/cssparser-0.9.16.jar:/Users/ummaneni/.m2/repository/org/w3c/css/sac/1.3/sac-1.3.jar:/Users/ummaneni/.m2/repository/org/eclipse/jetty/websocket/websocket-client/9.2.12.v20150709/websocket-client-9.2.12.v20150709.jar:/Users/ummaneni/.m2/repository/org/eclipse/jetty/jetty-util/9.2.12.v20150709/jetty-util-9.2.12.v20150709.jar:/Users/ummaneni/.m2/repository/org/eclipse/jetty/jetty-io/9.2.12.v20150709/jetty-io-9.2.12.v20150709.jar:/Users/ummaneni/.m2/repository/org/eclipse/jetty/websocket/websocket-common/9.2.12.v20150709/websocket-common-9.2.12.v20150709.jar:/Users/ummaneni/.m2/repository/org/eclipse/jetty/websocket/websocket-api/9.2.12.v20150709/websocket-api-9.2.12.v20150709.jar:/Users/ummaneni/.m2/repository/org/seleniumhq/selenium/selenium-firefox-driver/2.52.0/selenium-firefox-driver-2.52.0.jar:/Users/ummaneni/.m2/repository/org/seleniumhq/selenium/selenium-ie-driver/2.52.0/selenium-ie-driver-2.52.0.jar:/Users/ummaneni/.m2/repository/net/java/dev/jna/jna/4.1.0/jna-4.1.0.jar:/Users/ummaneni/.m2/repository/net/java/dev/jna/jna-platform/4.1.0/jna-platform-4.1.0.jar:/Users/ummaneni/.m2/repository/org/seleniumhq/selenium/selenium-safari-driver/2.52.0/selenium-safari-driver-2.52.0.jar:/Users/ummaneni/.m2/repository/org/seleniumhq/selenium/selenium-support/2.52.0/selenium-support-2.52.0.jar:/Users/ummaneni/.m2/repository/org/webbitserver/webbit/0.4.14/webbit-0.4.14.jar:/Users/ummaneni/.m2/repository/io/netty/netty/3.5.2.Final/netty-3.5.2.Final.jar:/Users/ummaneni/.m2/repository/org/seleniumhq/selenium/selenium-leg-rc/2.52.0/selenium-leg-rc-2.52.0.jar:/Users/ummaneni/.m2/repository/com/relevantcodes/extentreports/2.40.1/extentreports-2.40.1.jar:/Users/ummaneni/.m2/repository/org/jsoup/jsoup/1.8.3/jsoup-1.8.3.jar:/Users/ummaneni/.m2/repository/org/xerial/sqlite-jdbc/3.8.11.1/sqlite-jdbc-3.8.11.1.jar:/Users/ummaneni/.m2/repository/org/freemarker/freemarker/2.3.23/freemarker-2.3.23.jar:/Users/ummaneni/.m2/repository/org/testng/testng/6.9.6/testng-6.9.6.jar:/Users/ummaneni/.m2/repository/com/google/inject/guice/4.0/guice-4.0-no_aop.jar:/Users/ummaneni/.m2/repository/javax/inject/javax.inject/1/javax.inject-1.jar:/Users/ummaneni/.m2/repository/aopalliance/aopalliance/1.0/aopalliance-1.0.jar:/Users/ummaneni/.m2/repository/org/beanshell/bsh/2.0b4/bsh-2.0b4.jar:/Users/ummaneni/.m2/repository/org/apache/ant/ant/1.7.0/ant-1.7.0.jar:/Users/ummaneni/.m2/repository/org/apache/ant/ant-launcher/1.7.0/ant-launcher-1.7.0.jar:/Users/ummaneni/.m2/repository/com/beust/jcommander/1.48/jcommander-1.48.jar:/Users/ummaneni/.m2/repository/org/yaml/snakeyaml/1.15/snakeyaml-1.15.jar:/Users/ummaneni/.m2/repository/junit/junit/4.10/junit-4.10.jar:/Users/ummaneni/.m2/repository/org/hamcrest/hamcrest-core/1.1/hamcrest-core-1.1.jar:/Users/ummaneni/.m2/repository/io/appium/java-client/3.3.0/java-client-3.3.0.jar:/Users/ummaneni/.m2/repository/com/google/code/gson/gson/2.2.4/gson-2.2.4.jar:/Users/ummaneni/.m2/repository/org/apache/httpcomponents/httpclient/4.3.3/httpclient-4.3.3.jar:/Users/ummaneni/.m2/repository/org/apache/httpcomponents/httpcore/4.3.2/httpcore-4.3.2.jar:/Users/ummaneni/.m2/repository/commons-codec/commons-codec/1.6/commons-codec-1.6.jar:/Users/ummaneni/.m2/repository/com/google/guava/guava/17.0/guava-17.0.jar:/Users/ummaneni/.m2/repository/cglib/cglib/3.1/cglib-3.1.jar:/Users/ummaneni/.m2/repository/org/ow2/asm/asm/4.2/asm-4.2.jar:/Users/ummaneni/.m2/repository/commons-validator/commons-validator/1.4.1/commons-validator-1.4.1.jar:/Users/ummaneni/.m2/repository/commons-beanutils/commons-beanutils/1.8.3/commons-beanutils-1.8.3.jar:/Users/ummaneni/.m2/repository/commons-digester/commons-digester/1.8.1/commons-digester-1.8.1.jar:/Users/ummaneni/.m2/repository/commons-collections/commons-collections/3.2.1/commons-collections-3.2.1.jar:/Users/ummaneni/.m2/repository/javax/mail/mail/1.4/mail-1.4.jar:/Users/ummaneni/.m2/repository/javax/activation/activation/1.1/activation-1.1.jar:/Users/ummaneni/.m2/repository/log4j/log4j/1.2.17/log4j-1.2.17.jar:"/>
    <property name="sun.cpu.endian" value="little"/>
    <property name="user.home" value="/Users/ummaneni"/>
    <property name="user.language" value="en"/>
    <property name="java.specification.vendor" value="Oracle Corporation"/>
    <property name="java.version.date" value="2019-04-16"/>
    <property name="java.home" value="/Library/Java/JavaVirtualMachines/jdk-11.0.3.jdk/Contents/Home"/>
    <property name="file.separator" value="/"/>
    <property name="basedir" value="/Users/ummaneni/E2EProject"/>
    <property name="java.vm.compressedOopsMode" value="Zero based"/>
    <property name="line.separator" value="&#10;"/>
    <property name="java.specification.name" value="Java Platform API Specification"/>
    <property name="java.vm.specification.vendor" value="Oracle Corporation"/>
    <property name="java.awt.graphicsenv" value="sun.awt.CGraphicsEnvironment"/>
    <property name="surefire.real.class.path" value="/Users/ummaneni/E2EProject/target/surefire/surefirebooter4063318704437151185.jar"/>
    <property name="sun.management.compiler" value="HotSpot 64-Bit Tiered Compilers"/>
    <property name="ftp.nonProxyHosts" value="local|*.local|169.254/16|*.169.254/16"/>
    <property name="java.runtime.version" value="11.0.3+12-LTS"/>
    <property name="user.name" value="ummaneni"/>
    <property name="path.separator" value=":"/>
    <property name="os.version" value="10.13.6"/>
    <property name="java.runtime.name" value="Java(TM) SE Runtime Environment"/>
    <property name="file.encoding" value="UTF-8"/>
    <property name="java.vm.name" value="Java HotSpot(TM) 64-Bit Server VM"/>
    <property name="java.vendor.version" value="18.9"/>
    <property name="localRepository" value="/Users/ummaneni/.m2/repository"/>
    <property name="java.vendor.url.bug" value="http://bugreport.java.com/bugreport/"/>
    <property name="java.io.tmpdir" value="/var/folders/tp/65dzvy9j3hx_sm40ygk6vbkm0000gp/T/"/>
    <property name="java.version" value="11.0.3"/>
    <property name="user.dir" value="/Users/ummaneni/E2EProject"/>
    <property name="os.arch" value="x86_64"/>
    <property name="java.vm.specification.name" value="Java Virtual Machine Specification"/>
    <property name="java.awt.printerjob" value="sun.lwawt.macosx.CPrinterJob"/>
    <property name="sun.os.patch.level" value="unknown"/>
    <property name="java.library.path" value="/Users/ummaneni/Library/Java/Extensions:/Library/Java/Extensions:/Network/Library/Java/Extensions:/System/Library/Java/Extensions:/usr/lib/java:."/>
    <property name="java.vendor" value="Oracle Corporation"/>
    <property name="java.vm.info" value="mixed mode"/>
    <property name="java.vm.version" value="11.0.3+12-LTS"/>
    <property name="sun.io.unicode.encoding" value="UnicodeBig"/>
    <property name="java.class.version" value="55.0"/>
    <property name="socksNonProxyHosts" value="local|*.local|169.254/16|*.169.254/16"/>
  </properties>
  <testcase name="basePageNavigation" classname="Academy.HomePage" time="11.292"/>
  <testcase name="basePageNavigation" classname="Academy.HomePage" time="2.95"/>
  <testcase name="basepagenavigation" classname="Academy.ValidateTitle" time="0.036"/>
  <testcase name="basepagenavigation" classname="Academy.ValidateNavigationBar" time="0.03"/>
</testsuite>