<?xml version="1.0" encoding="UTF-8"?>
<!-- Generated by org.testng.reporters.JUnitReportReporter -->
<testsuite hostname="Macintosh.local" failures="0" tests="1" name="Academy.ValidateNavigationBar" time="0.028" errors="0" timestamp="22 Aug 2019 00:00:29 GMT">
  <testcase classname="Academy.ValidateNavigationBar" name="NavigationBarValidation" time="0.028"/>
</testsuite> <!-- Academy.ValidateNavigationBar -->
