<?xml version="1.0" encoding="UTF-8"?>
<!-- Generated by org.testng.reporters.JUnitReportReporter -->
<testsuite hostname="Macintosh.local" failures="0" tests="2" name="Academy.HomePage" time="19.185" errors="0" timestamp="22 Aug 2019 00:00:29 GMT">
  <testcase classname="Academy.HomePage" name="HomePageValidation" time="11.988"/>
  <testcase classname="Academy.HomePage" name="HomePageValidation" time="7.197"/>
</testsuite> <!-- Academy.HomePage -->
