<?xml version="1.0" encoding="UTF-8"?>
<!-- Generated by org.testng.reporters.JUnitReportReporter -->
<testsuite hostname="Macintosh.local" failures="0" tests="1" name="Academy.ValidateTitle" time="0.035" errors="0" timestamp="22 Aug 2019 00:00:29 GMT">
  <testcase classname="Academy.ValidateTitle" name="TitleValidation" time="0.035"/>
</testsuite> <!-- Academy.ValidateTitle -->
