<?xml version="1.0" encoding="UTF-8"?>
<!-- Generated by org.testng.reporters.JUnitReportReporter -->
<testsuite hostname="Macintosh.local" failures="0" tests="1" name="Academy.ValidateTitle" time="0.036" errors="0" timestamp="21 Aug 2019 18:10:14 GMT">
  <testcase classname="Academy.ValidateTitle" name="basepagenavigation" time="0.036"/>
</testsuite> <!-- Academy.ValidateTitle -->
