<?xml version="1.0" encoding="UTF-8"?>
<!-- Generated by org.testng.reporters.JUnitReportReporter -->
<testsuite hostname="Macintosh.local" failures="0" tests="2" name="Academy.HomePage" time="14.243" errors="0" timestamp="21 Aug 2019 18:10:14 GMT">
  <testcase classname="Academy.HomePage" name="basePageNavigation" time="2.952"/>
  <testcase classname="Academy.HomePage" name="basePageNavigation" time="11.291"/>
</testsuite> <!-- Academy.HomePage -->
